<?xml version="1.0" encoding="UTF-8"?>
<testng-results ignored="0" total="10" passed="10" failed="0" skipped="0">
  <reporter-output>
  </reporter-output>
  <suite started-at="2023-02-10T18:08:04 IST" name="Suite" finished-at="2023-02-10T18:09:46 IST" duration-ms="102609">
    <groups>
    </groups>
    <test started-at="2023-02-10T18:08:04 IST" name="Test" finished-at="2023-02-10T18:09:46 IST" duration-ms="102609">
      <class name="org.test.RecruitCRM">
        <test-method is-config="true" signature="extent_Report()[pri:0, instance:org.test.RecruitCRM@6eda5c9]" started-at="2023-02-10T18:08:04 IST" name="extent_Report" finished-at="2023-02-10T18:08:04 IST" duration-ms="105" status="PASS">
          <reporter-output>
          </reporter-output>
        </test-method> <!-- extent_Report -->
        <test-method is-config="true" signature="crendentials(java.lang.String,java.lang.String)[pri:0, instance:org.test.RecruitCRM@6eda5c9]" started-at="2023-02-10T18:08:04 IST" name="crendentials" finished-at="2023-02-10T18:08:10 IST" duration-ms="5956" status="PASS">
          <params>
            <param index="0">
              <value>
                <![CDATA[ponnagarajchitrambalam@gmail.com]]>
              </value>
            </param>
            <param index="1">
              <value>
                <![CDATA[Naren0150]]>
              </value>
            </param>
          </params>
          <reporter-output>
          </reporter-output>
        </test-method> <!-- crendentials -->
        <test-method signature="canditate_Input_Field(java.lang.String,java.lang.String)[pri:1, instance:org.test.RecruitCRM@6eda5c9]" started-at="2023-02-10T18:08:10 IST" name="canditate_Input_Field" finished-at="2023-02-10T18:08:19 IST" duration-ms="9536" status="PASS">
          <params>
            <param index="0">
              <value>
                <![CDATA[1234567890]]>
              </value>
            </param>
            <param index="1">
              <value>
                <![CDATA[Madurai]]>
              </value>
            </param>
          </params>
          <reporter-output>
          </reporter-output>
        </test-method> <!-- canditate_Input_Field -->
        <test-method is-config="true" signature="screenShot_Extent_Report(org.testng.ITestResult,java.lang.reflect.Method)[pri:0, instance:org.test.RecruitCRM@6eda5c9]" started-at="2023-02-10T18:08:19 IST" name="screenShot_Extent_Report" finished-at="2023-02-10T18:08:20 IST" duration-ms="203" status="PASS">
          <params>
            <param index="0">
              <value>
                <![CDATA[[TestResult name=canditate_Input_Field status=SUCCESS method=RecruitCRM.canditate_Input_Field(java.lang.String,java.lang.String)[pri:1, instance:org.test.RecruitCRM@6eda5c9] output={null}]]]>
              </value>
            </param>
            <param index="1">
              <value>
                <![CDATA[private void org.test.RecruitCRM.canditate_Input_Field(java.lang.String,java.lang.String) throws java.awt.AWTException,java.lang.InterruptedException]]>
              </value>
            </param>
          </params>
          <reporter-output>
          </reporter-output>
        </test-method> <!-- screenShot_Extent_Report -->
        <test-method signature="input_Field(java.lang.String)[pri:2, instance:org.test.RecruitCRM@6eda5c9]" started-at="2023-02-10T18:08:20 IST" name="input_Field" finished-at="2023-02-10T18:08:25 IST" duration-ms="5455" status="PASS">
          <params>
            <param index="0">
              <value>
                <![CDATA[Sinapse Software]]>
              </value>
            </param>
          </params>
          <reporter-output>
          </reporter-output>
        </test-method> <!-- input_Field -->
        <test-method is-config="true" signature="screenShot_Extent_Report(org.testng.ITestResult,java.lang.reflect.Method)[pri:0, instance:org.test.RecruitCRM@6eda5c9]" started-at="2023-02-10T18:08:25 IST" name="screenShot_Extent_Report" finished-at="2023-02-10T18:08:25 IST" duration-ms="38" status="PASS">
          <params>
            <param index="0">
              <value>
                <![CDATA[[TestResult name=input_Field status=SUCCESS method=RecruitCRM.input_Field(java.lang.String)[pri:2, instance:org.test.RecruitCRM@6eda5c9] output={null}]]]>
              </value>
            </param>
            <param index="1">
              <value>
                <![CDATA[private void org.test.RecruitCRM.input_Field(java.lang.String) throws java.lang.InterruptedException,java.awt.AWTException]]>
              </value>
            </param>
          </params>
          <reporter-output>
          </reporter-output>
        </test-method> <!-- screenShot_Extent_Report -->
        <test-method signature="job_List()[pri:3, instance:org.test.RecruitCRM@6eda5c9]" started-at="2023-02-10T18:08:25 IST" name="job_List" finished-at="2023-02-10T18:08:38 IST" duration-ms="12941" status="PASS">
          <reporter-output>
          </reporter-output>
        </test-method> <!-- job_List -->
        <test-method is-config="true" signature="screenShot_Extent_Report(org.testng.ITestResult,java.lang.reflect.Method)[pri:0, instance:org.test.RecruitCRM@6eda5c9]" started-at="2023-02-10T18:08:38 IST" name="screenShot_Extent_Report" finished-at="2023-02-10T18:08:38 IST" duration-ms="23" status="PASS">
          <params>
            <param index="0">
              <value>
                <![CDATA[[TestResult name=job_List status=SUCCESS method=RecruitCRM.job_List()[pri:3, instance:org.test.RecruitCRM@6eda5c9] output={null}]]]>
              </value>
            </param>
            <param index="1">
              <value>
                <![CDATA[private void org.test.RecruitCRM.job_List() throws java.lang.InterruptedException,java.awt.AWTException]]>
              </value>
            </param>
          </params>
          <reporter-output>
          </reporter-output>
        </test-method> <!-- screenShot_Extent_Report -->
        <test-method signature="candidate_Page(java.lang.String,java.lang.String,java.lang.String)[pri:4, instance:org.test.RecruitCRM@6eda5c9]" started-at="2023-02-10T18:08:38 IST" name="candidate_Page" finished-at="2023-02-10T18:08:47 IST" duration-ms="8664" status="PASS">
          <params>
            <param index="0">
              <value>
                <![CDATA[1234567890]]>
              </value>
            </param>
            <param index="1">
              <value>
                <![CDATA[Madurai]]>
              </value>
            </param>
            <param index="2">
              <value>
                <![CDATA[Tamil]]>
              </value>
            </param>
          </params>
          <reporter-output>
          </reporter-output>
        </test-method> <!-- candidate_Page -->
        <test-method is-config="true" signature="screenShot_Extent_Report(org.testng.ITestResult,java.lang.reflect.Method)[pri:0, instance:org.test.RecruitCRM@6eda5c9]" started-at="2023-02-10T18:08:47 IST" name="screenShot_Extent_Report" finished-at="2023-02-10T18:08:47 IST" duration-ms="39" status="PASS">
          <params>
            <param index="0">
              <value>
                <![CDATA[[TestResult name=candidate_Page status=SUCCESS method=RecruitCRM.candidate_Page(java.lang.String,java.lang.String,java.lang.String)[pri:4, instance:org.test.RecruitCRM@6eda5c9] output={null}]]]>
              </value>
            </param>
            <param index="1">
              <value>
                <![CDATA[private void org.test.RecruitCRM.candidate_Page(java.lang.String,java.lang.String,java.lang.String) throws java.lang.InterruptedException,java.awt.AWTException]]>
              </value>
            </param>
          </params>
          <reporter-output>
          </reporter-output>
        </test-method> <!-- screenShot_Extent_Report -->
        <test-method signature="contact_Profile_Picture_Change()[pri:5, instance:org.test.RecruitCRM@6eda5c9]" started-at="2023-02-10T18:08:47 IST" name="contact_Profile_Picture_Change" finished-at="2023-02-10T18:08:56 IST" duration-ms="8763" status="PASS">
          <reporter-output>
          </reporter-output>
        </test-method> <!-- contact_Profile_Picture_Change -->
        <test-method is-config="true" signature="screenShot_Extent_Report(org.testng.ITestResult,java.lang.reflect.Method)[pri:0, instance:org.test.RecruitCRM@6eda5c9]" started-at="2023-02-10T18:08:56 IST" name="screenShot_Extent_Report" finished-at="2023-02-10T18:08:56 IST" duration-ms="29" status="PASS">
          <params>
            <param index="0">
              <value>
                <![CDATA[[TestResult name=contact_Profile_Picture_Change status=SUCCESS method=RecruitCRM.contact_Profile_Picture_Change()[pri:5, instance:org.test.RecruitCRM@6eda5c9] output={null}]]]>
              </value>
            </param>
            <param index="1">
              <value>
                <![CDATA[private void org.test.RecruitCRM.contact_Profile_Picture_Change() throws java.lang.InterruptedException,java.awt.AWTException]]>
              </value>
            </param>
          </params>
          <reporter-output>
          </reporter-output>
        </test-method> <!-- screenShot_Extent_Report -->
        <test-method signature="mailBox_Page()[pri:6, instance:org.test.RecruitCRM@6eda5c9]" started-at="2023-02-10T18:08:56 IST" name="mailBox_Page" finished-at="2023-02-10T18:09:04 IST" duration-ms="8497" status="PASS">
          <reporter-output>
          </reporter-output>
        </test-method> <!-- mailBox_Page -->
        <test-method is-config="true" signature="screenShot_Extent_Report(org.testng.ITestResult,java.lang.reflect.Method)[pri:0, instance:org.test.RecruitCRM@6eda5c9]" started-at="2023-02-10T18:09:04 IST" name="screenShot_Extent_Report" finished-at="2023-02-10T18:09:04 IST" duration-ms="26" status="PASS">
          <params>
            <param index="0">
              <value>
                <![CDATA[[TestResult name=mailBox_Page status=SUCCESS method=RecruitCRM.mailBox_Page()[pri:6, instance:org.test.RecruitCRM@6eda5c9] output={null}]]]>
              </value>
            </param>
            <param index="1">
              <value>
                <![CDATA[private void org.test.RecruitCRM.mailBox_Page() throws java.lang.InterruptedException,java.awt.AWTException]]>
              </value>
            </param>
          </params>
          <reporter-output>
          </reporter-output>
        </test-method> <!-- screenShot_Extent_Report -->
        <test-method signature="edit_Candidate_Add_Language()[pri:7, instance:org.test.RecruitCRM@6eda5c9]" started-at="2023-02-10T18:09:04 IST" name="edit_Candidate_Add_Language" finished-at="2023-02-10T18:09:16 IST" duration-ms="12028" status="PASS">
          <reporter-output>
          </reporter-output>
        </test-method> <!-- edit_Candidate_Add_Language -->
        <test-method is-config="true" signature="screenShot_Extent_Report(org.testng.ITestResult,java.lang.reflect.Method)[pri:0, instance:org.test.RecruitCRM@6eda5c9]" started-at="2023-02-10T18:09:16 IST" name="screenShot_Extent_Report" finished-at="2023-02-10T18:09:16 IST" duration-ms="19" status="PASS">
          <params>
            <param index="0">
              <value>
                <![CDATA[[TestResult name=edit_Candidate_Add_Language status=SUCCESS method=RecruitCRM.edit_Candidate_Add_Language()[pri:7, instance:org.test.RecruitCRM@6eda5c9] output={null}]]]>
              </value>
            </param>
            <param index="1">
              <value>
                <![CDATA[private void org.test.RecruitCRM.edit_Candidate_Add_Language() throws java.lang.InterruptedException,java.awt.AWTException]]>
              </value>
            </param>
          </params>
          <reporter-output>
          </reporter-output>
        </test-method> <!-- screenShot_Extent_Report -->
        <test-method signature="tasks_And_Appointments()[pri:8, instance:org.test.RecruitCRM@6eda5c9]" started-at="2023-02-10T18:09:16 IST" name="tasks_And_Appointments" finished-at="2023-02-10T18:09:30 IST" duration-ms="14042" status="PASS">
          <reporter-output>
          </reporter-output>
        </test-method> <!-- tasks_And_Appointments -->
        <test-method is-config="true" signature="screenShot_Extent_Report(org.testng.ITestResult,java.lang.reflect.Method)[pri:0, instance:org.test.RecruitCRM@6eda5c9]" started-at="2023-02-10T18:09:30 IST" name="screenShot_Extent_Report" finished-at="2023-02-10T18:09:30 IST" duration-ms="32" status="PASS">
          <params>
            <param index="0">
              <value>
                <![CDATA[[TestResult name=tasks_And_Appointments status=SUCCESS method=RecruitCRM.tasks_And_Appointments()[pri:8, instance:org.test.RecruitCRM@6eda5c9] output={null}]]]>
              </value>
            </param>
            <param index="1">
              <value>
                <![CDATA[private void org.test.RecruitCRM.tasks_And_Appointments() throws java.lang.InterruptedException,java.awt.AWTException]]>
              </value>
            </param>
          </params>
          <reporter-output>
          </reporter-output>
        </test-method> <!-- screenShot_Extent_Report -->
        <test-method signature="dash_Board()[pri:9, instance:org.test.RecruitCRM@6eda5c9]" started-at="2023-02-10T18:09:30 IST" name="dash_Board" finished-at="2023-02-10T18:09:36 IST" duration-ms="6267" status="PASS">
          <reporter-output>
          </reporter-output>
        </test-method> <!-- dash_Board -->
        <test-method is-config="true" signature="screenShot_Extent_Report(org.testng.ITestResult,java.lang.reflect.Method)[pri:0, instance:org.test.RecruitCRM@6eda5c9]" started-at="2023-02-10T18:09:36 IST" name="screenShot_Extent_Report" finished-at="2023-02-10T18:09:37 IST" duration-ms="26" status="PASS">
          <params>
            <param index="0">
              <value>
                <![CDATA[[TestResult name=dash_Board status=SUCCESS method=RecruitCRM.dash_Board()[pri:9, instance:org.test.RecruitCRM@6eda5c9] output={null}]]]>
              </value>
            </param>
            <param index="1">
              <value>
                <![CDATA[private void org.test.RecruitCRM.dash_Board() throws java.lang.InterruptedException,java.awt.AWTException]]>
              </value>
            </param>
          </params>
          <reporter-output>
          </reporter-output>
        </test-method> <!-- screenShot_Extent_Report -->
        <test-method signature="report_Page(java.lang.reflect.Method)[pri:10, instance:org.test.RecruitCRM@6eda5c9]" started-at="2023-02-10T18:09:37 IST" name="report_Page" finished-at="2023-02-10T18:09:46 IST" duration-ms="9574" status="PASS">
          <params>
            <param index="0">
              <value>
                <![CDATA[private void org.test.RecruitCRM.report_Page(java.lang.reflect.Method) throws java.lang.InterruptedException,java.awt.AWTException,java.io.IOException]]>
              </value>
            </param>
          </params>
          <reporter-output>
          </reporter-output>
        </test-method> <!-- report_Page -->
        <test-method is-config="true" signature="screenShot_Extent_Report(org.testng.ITestResult,java.lang.reflect.Method)[pri:0, instance:org.test.RecruitCRM@6eda5c9]" started-at="2023-02-10T18:09:46 IST" name="screenShot_Extent_Report" finished-at="2023-02-10T18:09:46 IST" duration-ms="24" status="PASS">
          <params>
            <param index="0">
              <value>
                <![CDATA[[TestResult name=report_Page status=SUCCESS method=RecruitCRM.report_Page(java.lang.reflect.Method)[pri:10, instance:org.test.RecruitCRM@6eda5c9] output={null}]]]>
              </value>
            </param>
            <param index="1">
              <value>
                <![CDATA[private void org.test.RecruitCRM.report_Page(java.lang.reflect.Method) throws java.lang.InterruptedException,java.awt.AWTException,java.io.IOException]]>
              </value>
            </param>
          </params>
          <reporter-output>
          </reporter-output>
        </test-method> <!-- screenShot_Extent_Report -->
        <test-method is-config="true" signature="quit_The_Program()[pri:0, instance:org.test.RecruitCRM@6eda5c9]" started-at="2023-02-10T18:09:46 IST" name="quit_The_Program" finished-at="2023-02-10T18:09:46 IST" duration-ms="285" status="PASS">
          <reporter-output>
          </reporter-output>
        </test-method> <!-- quit_The_Program -->
      </class> <!-- org.test.RecruitCRM -->
    </test> <!-- Test -->
  </suite> <!-- Suite -->
</testng-results>
