<?xml version="1.0" encoding="UTF-8"?>
<!-- Generated by org.testng.reporters.JUnitXMLReporter -->
<testsuite ignored="0" hostname="LAPTOP-IQ06DEC2" failures="0" tests="10" name="Test" time="102.609" errors="0" timestamp="2023-02-10T18:09:46 IST">
  <testcase classname="org.test.RecruitCRM" name="canditate_Input_Field" time="9.536"/>
  <testcase classname="org.test.RecruitCRM" name="input_Field" time="5.455"/>
  <testcase classname="org.test.RecruitCRM" name="job_List" time="12.941"/>
  <testcase classname="org.test.RecruitCRM" name="candidate_Page" time="8.664"/>
  <testcase classname="org.test.RecruitCRM" name="contact_Profile_Picture_Change" time="8.763"/>
  <testcase classname="org.test.RecruitCRM" name="mailBox_Page" time="8.497"/>
  <testcase classname="org.test.RecruitCRM" name="edit_Candidate_Add_Language" time="12.028"/>
  <testcase classname="org.test.RecruitCRM" name="tasks_And_Appointments" time="14.042"/>
  <testcase classname="org.test.RecruitCRM" name="dash_Board" time="6.267"/>
  <testcase classname="org.test.RecruitCRM" name="report_Page" time="9.574"/>
</testsuite> <!-- Test -->
